|SourceProjectName:HD Help 2_5.hpr
|DestinationProjectName:hd_help_2_5.htm
whhost.js
whmsg.js
whmozemu.js
whproxy.js
whstub.js
whutils.js
whver.js
whform.js
whphost.js
whstart.js
whtopic.js
whframes.js
whlang.js
whskin_info.htm
whskin_blank.htm
whskin_pickup.htm
whskin_homepage.htm
whnjs.htm
whthost.js
whtdhtml.htm
whihost.js
whibody.htm
whiform.htm
whfhost.js
whfbody.htm
whfform.htm
whghost.js
whgbody.htm
whgdhtml.htm
whgdef.htm
whproj.js
whproj.xml
whproj.htm
whxdata\whtoc.xml
whxdata\whidx.xml
whxdata\whfts.xml
whxdata\whglo.xml
whdata\whtoc.js
whdata\whtoc.htm
whdata\whtdata.js
whdata\whidx.js
whdata\whidx.htm
whdata\whidata.js
whdata\whfts.js
whdata\whfts.htm
whdata\whglo.js
whdata\whglo.htm
whdata\whgdata.js
whdata\whftdata.js
whdata\whfwdata.js
whres.xml
WebHelp.jar
WebHelp.cab
whgdata\whnvp30.htm
whgdata\whnvp31.htm
whgdata\whnvp32.htm
whgdata\whnvp33.htm
whgdata\whnvt30.htm
whgdata\whnvt31.htm
whgdata\whnvt32.htm
whgdata\whnvt33.htm
whgdata\whnvf30.htm
whgdata\whnvf31.htm
whgdata\whnvf32.htm
whgdata\whnvf33.htm
whgdata\whnvl31.htm
whgdata\whnvl32.htm
whgdata\whnvl33.htm
whgdata\whexpbar.gif
cshdat_webhelp.htm
whcsh_home.htm
whcshdata.htm
cshdat_robohelp.htm
wht_tab0.gif
wht_tab1.gif
wht_tab2.gif
wht_tab3.gif
wht_tab4.gif
wht_tab5.gif
wht_tab6.gif
wht_tab7.gif
wht_tab8.gif
wht_glo_h.gif
wht_glo_n.gif
wht_fts_h.gif
wht_fts_n.gif
wht_idx_h.gif
wht_idx_n.gif
wht_toc_h.gif
wht_toc_n.gif
wht_ws.gif
wht_ws_g.gif
wht_logo1.gif
wht_logo2.gif
wht_abgw.jpg
wht_abgi.jpg
wht_abge.jpg
wht_abtw.jpg
wht_abte.jpg
wht_abti.jpg
wht_spac.gif
wht_next.gif
wht_next_g.gif
wht_prev.gif
wht_prev_g.gif
wht_sync.gif
wht_hide.gif
wht_go.gif
whstart.ico
whestart.ico
whrstart.ico
whidhtml.htm
whfdhtml.htm
whskin_banner.htm
whtbar.js
blueback.gif
content.gif
index.gif
search.gif
other_index.gif
websearch.gif
go.gif
leftarrow.gif
r01.gif
rightarrow.gif
r02.gif
directional.gif
close.gif
urls.gif
book_closed.gif
bookopen.gif
page.gif
XP_Blue.skn
whskin_pdhtml.htm
whskin_papplet.htm
whskin_plist.htm
whskin_tbars.htm
whskin_mbars.htm
whskin_frmset010.htm
whst_topics.xml
whskin_frmset01.htm
hd_help_2_5a.hhk
hd_help_2_5.hhc
hd_help_2_5.hhk
Getting_Started\Learning_Holodeck_Basics\How_to_use_this_guide.htm
Getting_Started\Learning_Holodeck_Basics\Other_resources.htm
Getting_Started\Installing_and_running_Holodeck\System_Requirements.htm
Getting_Started\Installing_and_running_Holodeck\Installing_Holodeck.htm
Getting_Started\Installing_and_running_Holodeck\Running_Holodeck_as_a_Restricted_User.htm
Getting_Started\Exploring_the_Holodeck_workspace\Windows_and_panes_overview.htm
Getting_Started\Exploring_the_Holodeck_workspace\Menus_overview.htm
Getting_Started\Exploring_the_Holodeck_workspace\Menus_in_Depth\File_Menu.htm
Getting_Started\Exploring_the_Holodeck_workspace\Menus_in_Depth\Session_Menu.htm
Getting_Started\Exploring_the_Holodeck_workspace\Menus_in_Depth\Application_Menu.htm
Getting_Started\Exploring_the_Holodeck_workspace\Menus_in_Depth\Log_Menu.htm
Getting_Started\Exploring_the_Holodeck_workspace\Menus_in_Depth\Tools_Menu.htm
Getting_Started\Exploring_the_Holodeck_workspace\Menus_in_Depth\View_Menu.htm
Getting_Started\Exploring_the_Holodeck_workspace\Menus_in_Depth\Help_Menu.htm
Getting_Started\Holodeck_Tutorials.htm
Tutorials\Beginner\Creating_your_first_project\Setting_up_your_first_project.htm
Tutorials\Beginner\Creating_your_first_project\The_Create_a_New_Project_Wizard.htm
Tutorials\Beginner\Creating_your_first_project\Saving_the_Project.htm
Tutorials\Intermediate\Learning_About_API_Failures_During_Startup_and_Comparing_Logs\Introduction.htm
Tutorials\Intermediate\Learning_About_API_Failures_During_Startup_and_Comparing_Logs\Load_project.htm
Tutorials\Intermediate\Learning_About_API_Failures_During_Startup_and_Comparing_Logs\Filtering_the_log_result.htm
Tutorials\Intermediate\Learning_About_API_Failures_During_Startup_and_Comparing_Logs\Creating_a_Report_for_easy_viewing.htm
Tutorials\Intermediate\Learning_About_API_Failures_During_Startup_and_Comparing_Logs\Exporting_logs.htm
Tutorials\Intermediate\Learning_About_API_Failures_During_Startup_and_Comparing_Logs\Comparing_logs.htm
Tutorials\Intermediate\Learning_About_API_Failures_During_Startup_and_Comparing_Logs\Making_sense_of_the_difference.htm
Tutorials\Intermediate\Learning_About_API_Failures_During_Startup_and_Comparing_Logs\Summary_4.htm
Tutorials\Intermediate\Using_Code_Coverage_with_Record_Replay_to_Test_the_Application\Set_up_the_project.htm
Tutorials\Intermediate\Using_Code_Coverage_with_Record_Replay_to_Test_the_Application\Start_Recording_the_Session.htm
Tutorials\Intermediate\Using_Code_Coverage_with_Record_Replay_to_Test_the_Application\Begin_Code_Coverage_Test_Generation.htm
Tutorials\Intermediate\Using_Code_Coverage_with_Record_Replay_to_Test_the_Application\Stop_Test_Generation.htm
Tutorials\Intermediate\Using_Code_Coverage_with_Record_Replay_to_Test_the_Application\Replay_the_Recorded_Session.htm
Tutorials\Intermediate\Using_Code_Coverage_with_Record_Replay_to_Test_the_Application\Summary_5.htm
Tutorials\Intermediate\Failing_a_Single_API_Call\Introduction2.htm
Tutorials\Intermediate\Failing_a_Single_API_Call\Investigate_Logs.htm
Tutorials\Intermediate\Failing_a_Single_API_Call\Failing_the_ReadLine_function.htm
Tutorials\Intermediate\Failing_a_Single_API_Call\Verify_ReadLine_Fault_is_Set.htm
Tutorials\Intermediate\Failing_a_Single_API_Call\Summary_3.htm
Tutorials\Advanced\Test_Harness_and_Code_Coverage\Introduction3.htm
Tutorials\Advanced\Test_Harness_and_Code_Coverage\Create_a_Holodeck_project_file.htm
Tutorials\Advanced\Test_Harness_and_Code_Coverage\Setup_the_Test_Harness.htm
Tutorials\Advanced\Test_Harness_and_Code_Coverage\Begin_testing_with_Code_Coverage.htm
Tutorials\Advanced\Test_Harness_and_Code_Coverage\How_to_compare_log_files.htm
Tutorials\Advanced\Test_Harness_and_Code_Coverage\Summary_6.htm
Tutorials\Advanced\Adding_New_Intercepts\Adding_New_Intercepts_Introduction.htm
Tutorials\Advanced\Adding_New_Intercepts\Create_a_Test_dll.htm
Tutorials\Advanced\Adding_New_Intercepts\Create_the_Test_Application.htm
Tutorials\Advanced\Adding_New_Intercepts\Add_a_New_Intercept_Library.htm
Tutorials\Advanced\Adding_New_Intercepts\Compile_the_TestDLL_Replacement_Library.htm
Tutorials\Advanced\Adding_New_Intercepts\View_Logs_and_Create_a_Test_for_the_Test_dll.htm
Tutorials\Advanced\Adding_New_Intercepts\Further_Exploration.htm
Tutorials\Advanced\Create_a_New_Test_Project\Create_a_New_Test_Project_Introduction.htm
Tutorials\Advanced\Create_a_New_Test_Project\Create_the_Custom_Test_Project.htm
Tutorials\Advanced\Create_a_New_Test_Project\Use_the_Custom_Test_Project_to_Test_Notepad.htm
Tutorials\Advanced\Create_a_New_Test_Project\Further_Exploration_1.htm
Getting_Started\Getting_started_guide.htm
Getting_Started\What_s_new_in_v__2_5\What_s_new_in_v_2_5.htm
Getting_Started\Holodeck_support_center.htm
Getting_Started\Exploring_the_Holodeck_workspace\Moving_detaching_and_hiding_panels.htm
Holodeck_in_depth\Introduction_to_Holodeck_in_depth.htm
Holodeck_in_depth\New_Project_Wizard\New_Project_Wizard.htm
Holodeck_in_depth\New_Project_Wizard\Launch_an_Application.htm
Holodeck_in_depth\New_Project_Wizard\Attach_to_an_Application.htm
Holodeck_in_depth\New_Project_Wizard\Start_a_Service.htm
Holodeck_in_depth\New_Project_Wizard\Attach_to_a_Service.htm
Holodeck_in_depth\New_Project_Wizard\New_Project_Options.htm
Holodeck_in_depth\New_Project_Wizard\Default_Logging.htm
Holodeck_in_depth\Creating_Tests\Tests.htm
Holodeck_in_depth\Creating_Tests\Creating_a_test.htm
Holodeck_in_depth\Creating_Tests\Scheduled_Test_Wizard.htm
Holodeck_in_depth\Creating_Tests\Creating_a_Test_Based_on_Stack_Matching.htm
Holodeck_in_depth\Creating_Tests\Modifying_a_test.htm
Holodeck_in_depth\Creating_Limits\Limits_overview.htm
Holodeck_in_depth\Creating_Limits\Creating_a_Disk_Space_limit.htm
Holodeck_in_depth\Creating_Limits\Creating_a_Memory_Space_limit.htm
Holodeck_in_depth\Creating_Limits\Creating_a_Network_Bandwidth_limit.htm
Holodeck_in_depth\Creating_Faults\Faults_Overview.htm
Holodeck_in_depth\Creating_Faults\Removing_a_fault.htm
Holodeck_in_depth\Creating_Faults\Types_of_faults.htm
Holodeck_in_depth\Creating_Faults\Fault_Categories\Disk_Faults.htm
Holodeck_in_depth\Creating_Faults\Fault_Categories\Memory_Faults.htm
Holodeck_in_depth\Creating_Faults\Fault_Categories\Network_Faults.htm
Holodeck_in_depth\Creating_Faults\Fault_Categories\Registry_Faults.htm
Holodeck_in_depth\Creating_Faults\Fault_Categories\Process_Library_Faults.htm
Holodeck_in_depth\Creating_Faults\Fault_Categories\Custom_Faults.htm
Holodeck_in_depth\Creating_Faults\Adding_custom_faults.htm
Holodeck_in_depth\Resource_Faults\Resource_Fault_Overview.htm
Holodeck_in_depth\Resource_Faults\Adding_and_Removing_a_Resource_Fault.htm
Holodeck_in_depth\Resource_Faults\Create_a_New_Resource_Fault_Wizard.htm
Holodeck_in_depth\Working_with_Logs\Logs_Overview.htm
Holodeck_in_depth\Working_with_Logs\Log_Categories.htm
Holodeck_in_depth\Working_with_Logs\Custom_Log_Filtering_and_Sorting.htm
Holodeck_in_depth\Working_with_Logs\To_find_text_in_the_log_files.htm
Holodeck_in_depth\Working_with_Logs\Changing_which_functions_are_logged.htm
Holodeck_in_depth\Working_with_Logs\Network_Logs.htm
Field_Chooser.htm
Holodeck_in_depth\Working_with_Logs\Exporting_Logs_1.htm
Holodeck_in_depth\Working_with_Logs\Printing_Logs.htm
Holodeck_in_depth\Working_with_Logs\Exporting_Resource_Logs.htm
Holodeck_in_depth\Working_with_Reports\Reports_Overview.htm
Holodeck_in_depth\Working_with_Reports\Managing_and_Printing_Reports.htm
Holodeck_in_depth\Working_with_Reports\What_s_Contained_in_a_Report.htm
Holodeck_in_depth\Working_with_Reports\Working_with_Pivot_Tables.htm
Holodeck_in_depth\Working_with_Reports\Reports_Tables\API_Log_Summary_Table.htm
Holodeck_in_depth\Working_with_Reports\Reports_Tables\Faults_Summary_Table.htm
Holodeck_in_depth\Working_with_Reports\Reports_Tables\Tests_Summary_Table.htm
Holodeck_in_depth\Working_with_Reports\Reports_Tables\Error_Codes_Summary_Table.htm
Holodeck_in_depth\Working_with_Reports\Reports_Tables\Resource_Dependencies_Summary_Table.htm
Holodeck_in_depth\Working_with_Reports\Reports_Tables\Resource_Usage_Summary_Table.htm
Holodeck_in_depth\Working_with_Reports\Reports_Tables\Return_Values_Summary_Table.htm
Holodeck_in_depth\Using_Automatic_Test_Generation\Introduction_to_Automatic_Test_Generation.htm
Holodeck_in_depth\Using_Automatic_Test_Generation\Creating_Stress_Test_Generation.htm
Holodeck_in_depth\Using_Automatic_Test_Generation\Creating_Code_Coverage_Generation.htm
Holodeck_in_depth\Using_Automatic_Test_Generation\Modifying_Testing_Settings.htm
Holodeck_in_depth\Generating_Network_Corruption_Faults\Using_the_Network_Corruption_Fault_Wizard.htm
Holodeck_in_depth\Generating_Network_Corruption_Faults\Creating_a_fault_using_Random_Corruption.htm
Holodeck_in_depth\Generating_Network_Corruption_Faults\Creating_a_fault_using_Find_and_Replace_Corruption.htm
Holodeck_in_depth\Generating_Network_Corruption_Faults\Creating_a_fault_using_Regular_Expressions.htm
Holodeck_in_depth\Regular_Expressions_and_Replacement_Strings\Using_regular_expressions.htm
Holodeck_in_depth\Regular_Expressions_and_Replacement_Strings\Using_replacement_strings.htm
Holodeck_in_depth\Multiple_Threads_and_Processes\Dealing_with_Multiple_Processes.htm
Holodeck_in_depth\Multiple_Threads_and_Processes\Working_with_Multi_threaded_applications.htm
Holodeck_in_depth\Exceptions_and_mini_dumps\Exceptions_Overview.htm
Holodeck_in_depth\Exceptions_and_mini_dumps\Mini_dump_Overview.htm
Holodeck_in_depth\Generating_File_Corruption_Faults\File_Corruption_Overview.htm
Holodeck_in_depth\Generating_File_Corruption_Faults\Create_a_File_Corruption_Fault_using_Random_Corruption.htm
Holodeck_in_depth\Generating_File_Corruption_Faults\Create_a_File_Corruption_Fault_using_Find_and_Replace.htm
Holodeck_in_depth\Generating_File_Corruption_Faults\Create_a_File_Corruption_Fault_with_Regular_Expressions.htm
Tutorials\Intermediate\Using_Holodeck_to_Corrupt_Files_and_Test_File_Processing\Introduction_1.htm
Tutorials\Intermediate\Using_Holodeck_to_Corrupt_Files_and_Test_File_Processing\Corrupting_Files.htm
Tutorials\Intermediate\Using_Holodeck_to_Corrupt_Files_and_Test_File_Processing\Using_Corrupted_Files_to_test_file_processing.htm
Tutorials\Intermediate\Using_Holodeck_to_Corrupt_Files_and_Test_File_Processing\Viewing_the_details_of_the_corrupted_file.htm
Tutorials\Intermediate\Using_Holodeck_to_Corrupt_Files_and_Test_File_Processing\Conclusion_1.htm
Getting_Started\Exploring_the_Holodeck_workspace\Project_toolbar.htm
Holodeck_Windows_and_Panes\Log_Pane.htm
Holodeck_Windows_and_Panes\Network_Logs_Pane.htm
Holodeck_Windows_and_Panes\Project_Pane.htm
Holodeck_Windows_and_Panes\Properties_Pane.htm
Holodeck_Windows_and_Panes\Limits_Pane.htm
Holodeck_Windows_and_Panes\Resource_Pane.htm
Holodeck_Windows_and_Panes\File_Corruption_Details_Pane.htm
Holodeck_Windows_and_Panes\Faults_Pane.htm
Holodeck_Windows_and_Panes\Test_Pane.htm
Holodeck_Windows_and_Panes\Dynamic_Help_Pane.htm
Holodeck_Windows_and_Panes\Help_Pane.htm
Holodeck_Windows_and_Panes\Network_Message_Details_Pane.htm
Holodeck_Windows_and_Panes\File_Corruption_Faults_Pane.htm
Holodeck_Windows_and_Panes\Corrupted_Files_Pane.htm
Holodeck_Windows_and_Panes\Resource_Faults_Pane.htm
Holodeck_Windows_and_Panes\Network_Corruption_Faults_Pane.htm
Holodeck_Windows_and_Panes\Exception_Pane.htm
Automated_Testing_with_Holodeck\Introduction_to_Automating_Holodeck.htm
Tutorials\Beginner\Dealing_with_Multiple_Processes\Introduction4.htm
Tutorials\Beginner\Dealing_with_Multiple_Processes\Adding_a_second_process_to_a_project.htm
Tutorials\Beginner\Dealing_with_Multiple_Processes\Setting_per_process_items.htm
Tutorials\Beginner\Dealing_with_Multiple_Processes\Create_a_File_in_Use_fault_for_Notepad_exe.htm
Tutorials\Beginner\Dealing_with_Multiple_Processes\Create_a_Memory_Fault_for_BrokenApp_exe.htm
Tutorials\Beginner\Dealing_with_Multiple_Processes\Create_a_memory_limit_for_Notepad_exe.htm
Tutorials\Beginner\Dealing_with_Multiple_Processes\Spawning_Another_Process_from_the_BrokenApp.htm
Tutorials\Beginner\Dealing_with_Multiple_Processes\Summary_2.htm
Tutorials\Beginner\How_to_Deprive_Your_Application_of_its_Dependencies\Introduction6.htm
Tutorials\Beginner\How_to_Deprive_Your_Application_of_its_Dependencies\Investigate_Resources.htm
Tutorials\Beginner\How_to_Deprive_Your_Application_of_its_Dependencies\Set_the_Resource_Fault.htm
Tutorials\Beginner\How_to_Deprive_Your_Application_of_its_Dependencies\Restart_BrokenApp_with_Resource_Faults.htm
Tutorials\Beginner\How_to_Deprive_Your_Application_of_its_Dependencies\Investigating_the_Failure.htm
Tutorials\Beginner\How_to_Deprive_Your_Application_of_its_Dependencies\Summary.htm
Tutorials\Beginner\How_to_Use_Faults_to_Deprive_Excel_of_Memory\Introduction9.htm
Tutorials\Beginner\How_to_Use_Faults_to_Deprive_Excel_of_Memory\Set_Insufficient_Memory.htm
Tutorials\Beginner\How_to_Use_Faults_to_Deprive_Excel_of_Memory\Verify_Insufficient_Memory.htm
Tutorials\Beginner\How_to_Use_Faults_to_Deprive_Excel_of_Memory\Summary_1.htm
Tutorials\Intermediate\Creating_Network_Corruption_Using_Regular_Expressions\Introduction10.htm
Tutorials\Intermediate\Creating_Network_Corruption_Using_Regular_Expressions\Investigate_Network_Packets.htm
Tutorials\Intermediate\Creating_Network_Corruption_Using_Regular_Expressions\Open_Network_Corruption_Wizard.htm
Tutorials\Intermediate\Creating_Network_Corruption_Using_Regular_Expressions\Select_Which_Data_Should_be_Corrupted.htm
Tutorials\Intermediate\Creating_Network_Corruption_Using_Regular_Expressions\Select_Regular_Expressions_as_the_Method_of_Corruption.htm
Tutorials\Intermediate\Creating_Network_Corruption_Using_Regular_Expressions\Create_a_Regular_Expression_and_Expansion_String.htm
Tutorials\Intermediate\Creating_Network_Corruption_Using_Regular_Expressions\Verify_the_Fault_is_set.htm
Tutorials\Intermediate\Creating_Network_Corruption_Using_Regular_Expressions\Conclusion.htm
Holodeck_in_depth\Recording_and_replaying_sessions\Introduction_to_recoding_and_replaying.htm
Holodeck_in_depth\Recording_and_replaying_sessions\Creating_a_recorded_session.htm
Holodeck_in_depth\Recording_and_replaying_sessions\Replaying_a_recorded_session.htm
Holodeck_in_depth\Add_Holodeck_Intercepts\Add_Holodeck_Intercepts.htm
Holodeck_in_depth\Add_Holodeck_Intercepts\Add_Holodeck_Intercepts_Wizard\Select_the_functions_to_add_to_the_Holodeck_Database.htm
Holodeck_in_depth\Add_Holodeck_Intercepts\Add_Holodeck_Intercepts_Wizard\Review_the_Definitions_of_the_Functions.htm
Holodeck_in_depth\Add_Holodeck_Intercepts\Add_Holodeck_Intercepts_Wizard\Review_Your_Choices.htm
Holodeck_in_depth\Add_Holodeck_Intercepts\Add_Holodeck_Intercepts_Wizard\Replacement_Library_Results.htm
Holodeck_in_depth\Add_Holodeck_Intercepts\Holodeck_Intercepts_Manager.htm
Automated_Testing_with_Holodeck\Using_Holodeck_with_other_Automated_Test_Frameworks\Using_Holodeck_with_other_Automated_Test_Frameworks.htm
Automated_Testing_with_Holodeck\Using_Holodeck_as_a_command_line_utility\Introduction_to_using_Holodeck_as_a_command_line_Utility.htm
Automated_Testing_with_Holodeck\Using_Holodeck_as_a_command_line_utility\Code_Coverage_testing_from_the_command_line.htm
Automated_Testing_with_Holodeck\Using_Holodeck_as_a_command_line_utility\Stress_testing_from_the_command_line.htm
Automated_Testing_with_Holodeck\Using_Holodeck_as_a_command_line_utility\Using_Recorded_Sessions_from_the_command_line.htm
Automated_Testing_with_Holodeck\Using_Holodeck_as_a_command_line_utility\Running_Holodeck_silently.htm
Automated_Testing_with_Holodeck\Create_a_Custom_Test_Project\Create_a_Custom_Test_Project_Wizard.htm
Automated_Testing_with_Holodeck\Create_a_Custom_Test_Project\Create_a_Custom_Test_Project.htm
Automated_Testing_with_Holodeck\Create_a_Custom_Test_Project\Selecting_Libraries_and_Methods.htm
Automated_Testing_with_Holodeck\Create_a_Custom_Test_Project\Specifying_the_Output_Options.htm
Automated_Testing_with_Holodeck\Create_a_Custom_Test_Project\Custom_Test_Project_Summary.htm
Automated_Testing_with_Holodeck\HolodeckLib\Using_HolodeckLib.htm
Automated_Testing_with_Holodeck\HolodeckLib\HolodeckLib_Method_List.htm
Automated_Testing_with_Holodeck\HolodeckLib\HolodeckLib_Constructors_and_Destructors.htm
Automated_Testing_with_Holodeck\HolodeckLib\HolodeckLib_Log_Operations.htm
Automated_Testing_with_Holodeck\HolodeckLib\HolodeckLib_Application_Execution_and_Control.htm
Automated_Testing_with_Holodeck\HolodeckLib\HolodeckLib_Limit_Control.htm
Automated_Testing_with_Holodeck\HolodeckLib\HolodeckLib_Fault_Control.htm
Automated_Testing_with_Holodeck\HolodeckLib\HolodeckLib_Interception_Control.htm
Automated_Testing_with_Holodeck\Using_HoloScript\Using_HoloScript.htm
Automated_Testing_with_Holodeck\Using_HoloScript\HoloScript_Method_List.htm
Automated_Testing_with_Holodeck\Using_HoloScript\HoloScript_Functions\Constructors_and_Deconstructors.htm
Automated_Testing_with_Holodeck\Using_HoloScript\HoloScript_Functions\Application_and_Service_Launch.htm
Automated_Testing_with_Holodeck\Using_HoloScript\HoloScript_Functions\Process_Chaining.htm
Automated_Testing_with_Holodeck\Using_HoloScript\HoloScript_Functions\Debugging_Functions.htm
Automated_Testing_with_Holodeck\Using_HoloScript\HoloScript_Functions\Application_and_Service_Control.htm
Automated_Testing_with_Holodeck\Using_HoloScript\HoloScript_Functions\Logging_Control.htm
Automated_Testing_with_Holodeck\Using_HoloScript\HoloScript_Functions\Tests_Control.htm
Automated_Testing_with_Holodeck\Using_HoloScript\HoloScript_Functions\Limits_Control.htm
Automated_Testing_with_Holodeck\Using_HoloScript\HoloScript_Functions\Fault_Control.htm
Automated_Testing_with_Holodeck\Using_HoloScript\Examples\First_Example_Injecting_Faults.htm
Automated_Testing_with_Holodeck\Using_HoloScript\Examples\Second_Example_Examining_AUT_Execution_Environment_1.htm
Automated_Testing_with_Holodeck\Using_HoloScript\Examples\Third_Example_Modifying_the_AUT_Execution_Environment_Disk_and_Memory_Limits_.htm
Automated_Testing_with_Holodeck\Using_HoloScript\Examples\Fourth_Example_Modifying_the_AUT_Execution_Environment_Network_Limits_.htm
Automated_Testing_with_Holodeck\Using_HEAT__Hostile_Environment_for_Application_Testing_\Using_HEAT.htm
Automated_Testing_with_Holodeck\Using_HEAT__Hostile_Environment_for_Application_Testing_\Step_by_Step_for_HEAT_API.htm
Automated_Testing_with_Holodeck\Using_HEAT__Hostile_Environment_for_Application_Testing_\HeatAPI_Method_List.htm
Automated_Testing_with_Holodeck\Using_HEAT__Hostile_Environment_for_Application_Testing_\Constructors_and_Destructors_of_HeatAPI.htm
Automated_Testing_with_Holodeck\Using_HEAT__Hostile_Environment_for_Application_Testing_\Interception_Information_and_Control.htm
HEAT_Application_Execution.htm
Automated_Testing_with_Holodeck\Using_HEAT__Hostile_Environment_for_Application_Testing_\Intercept_Function_Control.htm
Automated_Testing_with_Holodeck\Using_HEAT__Hostile_Environment_for_Application_Testing_\HEAT_API_Injection.htm
Automated_Testing_with_Holodeck\Using_HEAT__Hostile_Environment_for_Application_Testing_\HEAT_API_Example.htm
Automated_Testing_with_Holodeck\Using_HEAT__Hostile_Environment_for_Application_Testing_\Intercepting_Overloaded_Functions_with_HEAT.htm
HEAT_Error_Codes.htm
Appendices\About_fault_injection.htm
Appendices\How_to_Break_Software.htm
Appendices\How_to_Break_Software_Security.htm
Appendices\Windows_2000_and_attaching_the_Holodeck_Debugger.htm
Appendices\API_Call_Categories.htm
Appendices\Error_Codes.htm
Appendices\Exception_Codes.htm
Getting_Started\Installing_and_running_Holodeck\EULA.htm
ehlpdhtm.js
ehelp.xml
HD_Help_2_5.css
images\ebx_-994078996.gif
images\ebx_-824183518.gif
images\ebx_26523342.gif
images\ebx_-1286822017.gif
images\ebx_1891075615.gif
images\ebx_104322120.gif
images\ebx_2118344140.gif
images\ebx_-1287142853.gif
images\ebx_-2103771580.gif
images\ebx_456610704.gif
images\ebx_2007039184.gif
images\ebx_-793719304.gif
images\ebx_-402483660.gif
images\ebx_-1945014537.gif
images\ebx_170405697.gif
images\ebx_1313665956.gif
images\ebx_-452513083.gif
images\ebx_-350438093.gif
images\ebx_1222881898.gif
images\ebx_1569087697.gif
images\ebx_-2065404029.gif
images\ebx_579916931.gif
images\ebx_1063403659.gif
images\ebx_-354393715.gif
images\ebx_-622159205.gif
images\ebx_-1537049049.gif
images\ebx_1517645155.gif
images\ebx_-1981832014.gif
images\ebx_-1232684487.gif
images\ebx_1812492603.gif
images\ebx_1766802356.gif
images\ebx_-573193003.gif
images\ebx_950068973.gif
images\ebx_-65576300.gif
images\ebx_-657383008.gif
images\ebx_1391701543.gif
images\ebx_1293917871.gif
images\ebx_-1824933254.gif
images\ebx_-458467191.gif
images\ebx_-1684234112.gif
images\ebx_-511652063.gif
images\ebx_597908985.gif
images\ebx_2016620266.gif
images\ebx_569940722.gif
images\ebx_1201976206.gif
images\ebx_1048595312.gif
images\ebx_1482131420.gif
images\ebx_727673477.gif
images\ebx_-712131191.gif
images\ebx_-1597099103.gif
images\ebx_-1059570721.gif
images\ebx_787608661.gif
images\ebx_-1976525512.gif
images\ebx_-2117031087.gif
images\ebx_-739730563.gif
images\ebx_-818162010.gif
images\ebx_-1306222935.gif
images\ebx_63150207.gif
images\ebx_1481117381.gif
images\ebx_-1859603638.gif
images\ebx_-1015826542.gif
images\ebx_1009877067.gif
images\ebx_641155945.gif
images\ebx_864553749.gif
images\ebx_780068545.gif
images\ebx_-1916007537.gif
images\ebx_1570881766.gif
images\ebx_517471847.gif
images\ebx_-1369730684.gif
images\ebx_-1047520351.gif
images\ebx_-1286673960.gif
images\ebx_360994389.gif
images\ebx_-196938263.gif
images\ebx_-807673796.gif
images\ebx_1608503313.gif
images\ebx_104305779.gif
images\ebx_558418783.gif
images\ebx_445238469.gif
images\ebx_460121003.gif
images\ebx_-1883480577.gif
images\ebx_-1948107940.gif
images\ebx_1105742940.gif
images\ebx_1209445587.gif
images\ebx_-1661453192.gif
images\ebx_-1507779183.gif
images\ebx_-653051979.gif
images\ebx_1094561198.gif
images\ebx_-2046861378.gif
images\ebx_919036181.gif
images\ebx_-572047670.gif
images\ebx_-2033665452.gif
images\ebx_1568241920.gif
images\ebx_-822773861.gif
images\ebx_464458968.gif
images\ebx_-523839976.gif
images\ebx_1277874097.gif
images\ebx_117414868.gif
images\ebx_-19725690.gif
images\ebx_-533721910.gif
images\ebx_-1973665933.gif
images\ebx_-1916109183.gif
images\ebx_11894733.gif
images\ebx_872371459.gif
images\ebx_-249758901.gif
images\ebx_-1138855004.gif
images\ebx_-1642926546.gif
images\ebx_1527661258.gif
images\ebx_1944418062.gif
images\ebx_-800893154.gif
images\ebx_-1651024098.gif
images\ebx_1476535146.gif
images\ebx_-1855972568.gif
images\ebx_-195453505.gif
images\ebx_1269577787.gif
images\ebx_2005988399.gif
images\ebx_-554764814.gif
images\ebx_55562590.gif
images\ebx_2135121457.gif
images\ebx_1898039978.gif
images\ebx_-1900079941.gif
images\ebx_1253664188.gif
images\ebx_790050376.gif
images\ebx_-1845102920.gif
images\ebx_1231350926.gif
images\ebx_-1498542594.gif
images\ebx_1298460448.gif
images\ebx_-1280205543.gif
images\ebx_-1491262064.gif
images\ebx_131768585.gif
images\ebx_805036069.gif
images\ebx_-1588769722.gif
images\ebx_-1686699075.gif
images\ebx_478836073.gif
images\ebx_141645566.gif
images\ebx_1426666113.gif
images\ebx_-1973716051.gif
images\ebx_1577115486.gif
images\ebx_-473125934.gif
images\ebx_548522537.gif
images\ebx_-52782966.gif
images\ebx_-373911604.gif
images\ebx_-2104417406.gif
images\ebx_1927824852.gif
images\ebx_255943816.gif
images\ebx_1983412205.gif
images\ebx_-795673429.gif
images\ebx_308044009.gif
images\ebx_-1825120257.gif
images\ebx_-1481877740.gif
images\ebx_2014000136.gif
images\ebx_-1317167225.gif
images\ebx_-208262173.gif
images\ebx_1059260721.gif
images\ebx_1366812530.gif
images\ebx_-555704722.gif
images\ebx_834383824.gif
images\ebx_2118797633.gif
images\ebx_-1238630516.gif
images\ebx_341996889.gif
images\ebx_1983112420.gif
images\ebx_1021633108.gif
images\ebx_-1813789738.gif
images\ebx_-1426209210.gif
images\ebx_-337607939.gif
images\ebx_-1962912293.gif
images\ebx_-811485568.gif
images\ebx_-42865598.gif
images\ebx_-328048910.gif
images\ebx_1880913027.gif
images\ebx_-2002941155.gif
images\ebx_-1244688118.gif
images\ebx_-2001600581.gif
images\ebx_-1455193911.gif
images\ebx_443289754.gif
images\ebx_501014982.gif
images\ebx_-1833564324.gif
images\ebx_111728288.gif
images\ebx_1663787478.gif
images\ebx_1652711406.gif
images\ebx_1916625976.gif
images\ebx_1602044354.gif
images\ebx_-527994482.gif
images\ebx_81808189.gif
images\ebx_852735383.gif
images\ebx_1133776719.gif
images\ebx_-206687237.gif
images\ebx_684757469.gif
images\ebx_994132307.gif
images\ebx_-1894314176.gif
images\ebx_-109107377.gif
images\ebx_-1031382551.gif
images\ebx_1243454352.gif
images\ebx_721349050.gif
images\ebx_-208988885.gif
images\ebx_1753338547.gif
images\ebx_2137212063.gif
images\ebx_1910688614.gif
images\ebx_2141236472.gif
images\ebx_-1908852570.gif
images\ebx_-2014590157.gif
images\ebx_-884732176.gif
images\ebx_-1742929529.gif
HD_Help_2_5_ns.css
whxdata\whtdata0.xml
whxdata\whidata0.xml
whxdata\whftdata0.xml
whxdata\whfwdata0.xml
whdata\whtdata0.htm
whdata\whidata0.htm
whdata\whftdata0.htm
whdata\whfwdata0.htm
whgdata\whlstt0.htm
whgdata\whlstt1.htm
whgdata\whlstt2.htm
whgdata\whlstt3.htm
whgdata\whlstt4.htm
whgdata\whlstt5.htm
whgdata\whlstt6.htm
whgdata\whlstt7.htm
whgdata\whlstt8.htm
whgdata\whlstt9.htm
whgdata\whlstt10.htm
whgdata\whlstt11.htm
whgdata\whlstt12.htm
whgdata\whlstt13.htm
whgdata\whlstt14.htm
whgdata\whlstt15.htm
whgdata\whlstt16.htm
whgdata\whlstt17.htm
whgdata\whlstt18.htm
whgdata\whlstt19.htm
whgdata\whlstt20.htm
whgdata\whlstt21.htm
whgdata\whlstt22.htm
whgdata\whlstt23.htm
whgdata\whlstt24.htm
whgdata\whlstt25.htm
whgdata\whlstt26.htm
whgdata\whlstt27.htm
whgdata\whlstt28.htm
whgdata\whlstt29.htm
whgdata\whlstt30.htm
whgdata\whlstt31.htm
whgdata\whlstt32.htm
whgdata\whlstt33.htm
whgdata\whlstt34.htm
whgdata\whlstt35.htm
whgdata\whlstt36.htm
whgdata\whlstt37.htm
whgdata\whlstt38.htm
whgdata\whlstt39.htm
whgdata\whlstt40.htm
whgdata\whlstt41.htm
whgdata\whlstt42.htm
whgdata\whlstt43.htm
whgdata\whlstt44.htm
whgdata\whlstt45.htm
whgdata\whlstt46.htm
whgdata\whlstt47.htm
whgdata\whlstt48.htm
whgdata\whlstt49.htm
whgdata\whlstt50.htm
whgdata\whlstt51.htm
whgdata\whlstt52.htm
whgdata\whlsti0.htm
whgdata\whlsti1.htm
whgdata\whlstfl0.htm
whgdata\whlstfl1.htm
whgdata\whlstfl2.htm
whgdata\whlstfl3.htm
whgdata\whlstfl4.htm
whgdata\whlstfl5.htm
whgdata\whlstfl6.htm
whgdata\whlstfl7.htm
whgdata\whlstfl8.htm
whgdata\whlstfl9.htm
whgdata\whlstfl10.htm
whgdata\whlstfl11.htm
whgdata\whlstfl12.htm
whgdata\whlstfl13.htm
whgdata\whlstfl14.htm
whgdata\whlstfl15.htm
whgdata\whlstfl16.htm
whgdata\whlstfl17.htm
whgdata\whlstfl18.htm
whgdata\whlstfl19.htm
whgdata\whlstfl20.htm
whgdata\whlstfl21.htm
whgdata\whlstfl22.htm
whgdata\whlstfl23.htm
whgdata\whlstfl24.htm
whgdata\whlstfl25.htm
whgdata\whlstf0.htm
whgdata\whlstf1.htm
whgdata\whlstf2.htm
whgdata\whlstf3.htm
whgdata\whlstf4.htm
whgdata\whlstf5.htm
whgdata\whlstf6.htm
whgdata\whlstf7.htm
whgdata\whlstf8.htm
whgdata\whlstf9.htm
whgdata\whlstf10.htm
whgdata\whlstf11.htm
whgdata\whlstf12.htm
whgdata\whlstf13.htm
whgdata\whlstf14.htm
whgdata\whlstf15.htm
whgdata\whlstf16.htm
whgdata\whlstf17.htm
whgdata\whlstf18.htm
whgdata\whlstf19.htm
whgdata\whlstf20.htm
whgdata\whlstf21.htm
whgdata\whlstf22.htm
whgdata\whlstf23.htm
whgdata\whlstf24.htm
whgdata\whlstf25.htm
whgdata\whlstf26.htm
whgdata\whlstf27.htm
whgdata\whlstf28.htm
whgdata\whlstf29.htm
whgdata\whlstf30.htm
whgdata\whlstf31.htm
whgdata\whlstf32.htm
whgdata\whlstf33.htm
whgdata\whlstg0.htm
hd_help_2_5.htm
hd_help_2_5_csh.htm
hd_help_2_5_rhc.htm
